slurmstepd: error: task/cgroup: unable to add task[pid=102260] to memory cg '(null)'
JobId=2586501 JobName=debugIII
   UserId=jgalvis(2109) GroupId=users(100) MCS_label=N/A
   Priority=1 Nice=0 Account=(null) QOS=normal
   JobState=RUNNING Reason=None Dependency=(null)
   Requeue=1 Restarts=0 BatchFlag=1 Reboot=0 ExitCode=0:0
   RunTime=00:00:00 TimeLimit=00:10:00 TimeMin=N/A
   SubmitTime=2022-01-07T21:12:49 EligibleTime=2022-01-07T21:12:49
   StartTime=2022-01-08T04:10:33 EndTime=2022-01-08T04:20:33 Deadline=N/A
   PreemptTime=None SuspendTime=None SecsPreSuspend=0
   Partition=defq AllocNode:Sid=bb8-2:143130
   ReqNodeList=(null) ExcNodeList=(null)
   NodeList=cortex02
   BatchHost=cortex02
   NumNodes=1 NumCPUs=20 NumTasks=1 CPUs/Task=1 ReqB:S:C:T=0:0:*:*
   TRES=cpu=20,mem=2G,node=1
   Socks/Node=* NtasksPerN:B:S:C=1:0:*:* CoreSpec=*
   MinCPUsNode=1 MinMemoryNode=2G MinTmpDiskNode=0
   Features=(null) DelayBoot=00:00:00
   Gres=(null) Reservation=(null)
   OverSubscribe=NO Contiguous=0 Licenses=(null) Network=(null)
   Command=/gpfs/home/jgalvis/tflex/debugdir/4debugcmd.sh
   WorkDir=/home/jgalvis/tflex/debugdir/
   StdErr=/home/jgalvis/tflex/debugdir//slurm-2586501.out
   StdIn=/dev/null
   StdOut=/home/jgalvis/tflex/debugdir//slurm-2586501.out
   Power=

testing slurm alone
bye bye
